# JRE version: OpenJDK Runtime Environment (21.0.5) (build 21.0.5+-12932927-b750.29)
# Java VM: OpenJDK 64-Bit Server VM (21.0.5+-12932927-b750.29, mixed mode, tiered, compressed oops, compressed class ptrs, g1 gc, windows-amd64)
GC Precious Log:
 CardTable entry size: 512
 Card Set container configuration: InlinePtr #cards 5 size 8 Array Of Cards #cards 12 size 40 Howl #buckets 4 coarsen threshold 1843 Howl Bitmap #cards 512 size 80 coarsen threshold 460 Card regions per heap region 1 cards per card region 2048
 CPUs: 8 total, 8 available
 Memory: 16124M
 Large Page Support: Disabled
 NUMA Support: Disabled
 Compressed Oops: Enabled (32-bit)
 Heap Region Size: 1M
 Heap Min Capacity: 8M
 Heap Initial Capacity: 252M
 Heap Max Capacity: 2G
 Pre-touch: Disabled
 Parallel Workers: 8
 Concurrent Workers: 2
 Concurrent Refinement Workers: 8
 Periodic GC: Disabled
Heap:
 garbage-first heap   total 398336K, used 319640K [0x0000000080000000, 0x0000000100000000)
  region size 1024K, 89 young (91136K), 16 survivors (16384K)
 Metaspace       used 199250K, committed 202112K, reserved 1245184K
  class space    used 25459K, committed 26880K, reserved 1048576K
GC Heap History (20 events):
Event: 114.004 GC heap before
{Heap before GC invocations=59 (full 0):
 garbage-first heap   total 348160K, used 335859K [0x0000000080000000, 0x0000000100000000)
  region size 1024K, 114 young (116736K), 4 survivors (4096K)
 Metaspace       used 177606K, committed 180224K, reserved 1245184K
  class space    used 22925K, committed 24256K, reserved 1048576K
}
Event: 114.019 GC heap after
{Heap after GC invocations=60 (full 0):
 garbage-first heap   total 355328K, used 223952K [0x0000000080000000, 0x0000000100000000)
  region size 1024K, 15 young (15360K), 15 survivors (15360K)
 Metaspace       used 177606K, committed 180224K, reserved 1245184K
  class space    used 22925K, committed 24256K, reserved 1048576K
}
Event: 214.976 GC heap before
{Heap before GC invocations=60 (full 0):
 garbage-first heap   total 355328K, used 320208K [0x0000000080000000, 0x0000000100000000)
  region size 1024K, 109 young (111616K), 15 survivors (15360K)
 Metaspace       used 177626K, committed 180288K, reserved 1245184K
  class space    used 22925K, committed 24256K, reserved 1048576K
}
Event: 214.990 GC heap after
{Heap after GC invocations=61 (full 0):
 garbage-first heap   total 355328K, used 228341K [0x0000000080000000, 0x0000000100000000)
  region size 1024K, 7 young (7168K), 7 survivors (7168K)
 Metaspace       used 177626K, committed 180288K, reserved 1245184K
  class space    used 22925K, committed 24256K, reserved 1048576K
}
Event: 276.960 GC heap before
{Heap before GC invocations=62 (full 0):
 garbage-first heap   total 372736K, used 323573K [0x0000000080000000, 0x0000000100000000)
  region size 1024K, 105 young (107520K), 7 survivors (7168K)
 Metaspace       used 177636K, committed 180288K, reserved 1245184K
  class space    used 22925K, committed 24256K, reserved 1048576K
}
Event: 276.969 GC heap after
{Heap after GC invocations=63 (full 0):
 garbage-first heap   total 372736K, used 228025K [0x0000000080000000, 0x0000000100000000)
  region size 1024K, 12 young (12288K), 12 survivors (12288K)
 Metaspace       used 177636K, committed 180288K, reserved 1245184K
  class space    used 22925K, committed 24256K, reserved 1048576K
}
Event: 375.378 GC heap before
{Heap before GC invocations=63 (full 0):
 garbage-first heap   total 372736K, used 340665K [0x0000000080000000, 0x0000000100000000)
  region size 1024K, 122 young (124928K), 12 survivors (12288K)
 Metaspace       used 177646K, committed 180352K, reserved 1245184K
  class space    used 22926K, committed 24256K, reserved 1048576K
}
Event: 375.387 GC heap after
{Heap after GC invocations=64 (full 0):
 garbage-first heap   total 372736K, used 224144K [0x0000000080000000, 0x0000000100000000)
  region size 1024K, 12 young (12288K), 12 survivors (12288K)
 Metaspace       used 177646K, committed 180352K, reserved 1245184K
  class space    used 22926K, committed 24256K, reserved 1048576K
}
Event: 488.066 GC heap before
{Heap before GC invocations=64 (full 0):
 garbage-first heap   total 372736K, used 339856K [0x0000000080000000, 0x0000000100000000)
  region size 1024K, 125 young (128000K), 12 survivors (12288K)
 Metaspace       used 177650K, committed 180352K, reserved 1245184K
  class space    used 22926K, committed 24256K, reserved 1048576K
}
Event: 488.075 GC heap after
{Heap after GC invocations=65 (full 0):
 garbage-first heap   total 372736K, used 229133K [0x0000000080000000, 0x0000000100000000)
  region size 1024K, 12 young (12288K), 12 survivors (12288K)
 Metaspace       used 177650K, committed 180352K, reserved 1245184K
  class space    used 22926K, committed 24256K, reserved 1048576K
}
Event: 574.081 GC heap before
{Heap before GC invocations=66 (full 0):
 garbage-first heap   total 382976K, used 340749K [0x0000000080000000, 0x0000000100000000)
  region size 1024K, 120 young (122880K), 12 survivors (12288K)
 Metaspace       used 181200K, committed 183936K, reserved 1245184K
  class space    used 23288K, committed 24640K, reserved 1048576K
}
Event: 574.093 GC heap after
{Heap after GC invocations=67 (full 0):
 garbage-first heap   total 382976K, used 233066K [0x0000000080000000, 0x0000000100000000)
  region size 1024K, 12 young (12288K), 12 survivors (12288K)
 Metaspace       used 181200K, committed 183936K, reserved 1245184K
  class space    used 23288K, committed 24640K, reserved 1048576K
}
Event: 577.161 GC heap before
{Heap before GC invocations=67 (full 0):
 garbage-first heap   total 382976K, used 353898K [0x0000000080000000, 0x0000000100000000)
  region size 1024K, 125 young (128000K), 12 survivors (12288K)
 Metaspace       used 191873K, committed 194624K, reserved 1245184K
  class space    used 24566K, committed 25920K, reserved 1048576K
}
Event: 577.176 GC heap after
{Heap after GC invocations=68 (full 0):
 garbage-first heap   total 382976K, used 235189K [0x0000000080000000, 0x0000000100000000)
  region size 1024K, 14 young (14336K), 14 survivors (14336K)
 Metaspace       used 191873K, committed 194624K, reserved 1245184K
  class space    used 24566K, committed 25920K, reserved 1048576K
}
Event: 592.541 GC heap before
{Heap before GC invocations=68 (full 0):
 garbage-first heap   total 382976K, used 345781K [0x0000000080000000, 0x0000000100000000)
  region size 1024K, 123 young (125952K), 14 survivors (14336K)
 Metaspace       used 192088K, committed 194880K, reserved 1245184K
  class space    used 24587K, committed 25984K, reserved 1048576K
}
Event: 592.551 GC heap after
{Heap after GC invocations=69 (full 0):
 garbage-first heap   total 382976K, used 237279K [0x0000000080000000, 0x0000000100000000)
  region size 1024K, 12 young (12288K), 12 survivors (12288K)
 Metaspace       used 192088K, committed 194880K, reserved 1245184K
  class space    used 24587K, committed 25984K, reserved 1048576K
}
Event: 594.412 GC heap before
{Heap before GC invocations=70 (full 0):
 garbage-first heap   total 398336K, used 347871K [0x0000000080000000, 0x0000000100000000)
  region size 1024K, 121 young (123904K), 12 survivors (12288K)
 Metaspace       used 192448K, committed 195200K, reserved 1245184K
  class space    used 24629K, committed 25984K, reserved 1048576K
}
Event: 594.421 GC heap after
{Heap after GC invocations=71 (full 0):
 garbage-first heap   total 398336K, used 238662K [0x0000000080000000, 0x0000000100000000)
  region size 1024K, 6 young (6144K), 6 survivors (6144K)
 Metaspace       used 192448K, committed 195200K, reserved 1245184K
  class space    used 24629K, committed 25984K, reserved 1048576K
}
Event: 597.689 GC heap before
{Heap before GC invocations=71 (full 0):
 garbage-first heap   total 398336K, used 369734K [0x0000000080000000, 0x0000000100000000)
  region size 1024K, 135 young (138240K), 6 survivors (6144K)
 Metaspace       used 198371K, committed 201216K, reserved 1245184K
  class space    used 25339K, committed 26752K, reserved 1048576K
}
Event: 597.702 GC heap after
{Heap after GC invocations=72 (full 0):
 garbage-first heap   total 398336K, used 245912K [0x0000000080000000, 0x0000000100000000)
  region size 1024K, 16 young (16384K), 16 survivors (16384K)
 Metaspace       used 198371K, committed 201216K, reserved 1245184K
  class space    used 25339K, committed 26752K, reserved 1048576K
}

